# JRE version: OpenJDK Runtime Environment (8.0_171-b11) (build 1.8.0_171-8u171-b11-1~bpo8+1-b11)
# Java VM: OpenJDK Server VM (25.171-b11 mixed mode linux-x86 )
Heap:
 PSYoungGen      total 109568K, used 54514K [0xd16c0000, 0xdcb00000, 0xe6c00000)
  eden space 55040K, 0% used [0xd16c0000,0xd16c0000,0xd4c80000)
  from space 54528K, 99% used [0xd95c0000,0xdcafc888,0xdcb00000)
  to   space 37632K, 0% used [0xd4c80000,0xd4c80000,0xd7140000)
 ParOldGen       total 147200K, used 107667K [0xa6c00000, 0xafbc0000, 0xd16c0000)
  object space 147200K, 73% used [0xa6c00000,0xad524f20,0xafbc0000)
 Metaspace       used 5643K, capacity 5831K, committed 5912K, reserved 6448K
GC Heap History (10 events):
Event: 0.725 GC heap after
Heap after GC invocations=5 (full 1):
 PSYoungGen      total 47616K, used 2560K [0xd16c0000, 0xd5cc0000, 0xe6c00000)
  eden space 45056K, 0% used [0xd16c0000,0xd16c0000,0xd42c0000)
  from space 2560K, 100% used [0xd5a40000,0xd5cc0000,0xd5cc0000)
  to   space 2560K, 0% used [0xd57c0000,0xd57c0000,0xd5a40000)
 ParOldGen       total 79360K, used 47851K [0xa6c00000, 0xab980000, 0xd16c0000)
  object space 79360K, 60% used [0xa6c00000,0xa9abad60,0xab980000)
 Metaspace       used 5642K, capacity 5831K, committed 5912K, reserved 6448K
}
Event: 0.827 GC heap before
{Heap before GC invocations=6 (full 1):
 PSYoungGen      total 47616K, used 47616K [0xd16c0000, 0xd5cc0000, 0xe6c00000)
  eden space 45056K, 100% used [0xd16c0000,0xd42c0000,0xd42c0000)
  from space 2560K, 100% used [0xd5a40000,0xd5cc0000,0xd5cc0000)
  to   space 2560K, 0% used [0xd57c0000,0xd57c0000,0xd5a40000)
 ParOldGen       total 79360K, used 47851K [0xa6c00000, 0xab980000, 0xd16c0000)
  object space 79360K, 60% used [0xa6c00000,0xa9abad60,0xab980000)
 Metaspace       used 5642K, capacity 5831K, committed 5912K, reserved 6448K
Event: 0.854 GC heap after
Heap after GC invocations=6 (full 1):
 PSYoungGen      total 64768K, used 2544K [0xd16c0000, 0xd8f00000, 0xe6c00000)
  eden space 62208K, 0% used [0xd16c0000,0xd16c0000,0xd5380000)
  from space 2560K, 99% used [0xd57c0000,0xd5a3c010,0xd5a40000)
  to   space 30464K, 0% used [0xd7140000,0xd7140000,0xd8f00000)
 ParOldGen       total 79360K, used 72188K [0xa6c00000, 0xab980000, 0xd16c0000)
  object space 79360K, 90% used [0xa6c00000,0xab27f0c8,0xab980000)
 Metaspace       used 5642K, capacity 5831K, committed 5912K, reserved 6448K
}
Event: 0.854 GC heap before
{Heap before GC invocations=7 (full 2):
 PSYoungGen      total 64768K, used 2544K [0xd16c0000, 0xd8f00000, 0xe6c00000)
  eden space 62208K, 0% used [0xd16c0000,0xd16c0000,0xd5380000)
  from space 2560K, 99% used [0xd57c0000,0xd5a3c010,0xd5a40000)
  to   space 30464K, 0% used [0xd7140000,0xd7140000,0xd8f00000)
 ParOldGen       total 79360K, used 72188K [0xa6c00000, 0xab980000, 0xd16c0000)
  object space 79360K, 90% used [0xa6c00000,0xab27f0c8,0xab980000)
 Metaspace       used 5642K, capacity 5831K, committed 5912K, reserved 6448K
Event: 1.007 GC heap after
Heap after GC invocations=7 (full 2):
 PSYoungGen      total 64768K, used 0K [0xd16c0000, 0xd8f00000, 0xe6c00000)
  eden space 62208K, 0% used [0xd16c0000,0xd16c0000,0xd5380000)
  from space 2560K, 0% used [0xd57c0000,0xd57c0000,0xd5a40000)
  to   space 30464K, 0% used [0xd7140000,0xd7140000,0xd8f00000)
 ParOldGen       total 147200K, used 74011K [0xa6c00000, 0xafbc0000, 0xd16c0000)
  object space 147200K, 50% used [0xa6c00000,0xab446f20,0xafbc0000)
 Metaspace       used 5642K, capacity 5831K, committed 5912K, reserved 6448K
}
Event: 1.157 GC heap before
{Heap before GC invocations=8 (full 2):
 PSYoungGen      total 64768K, used 62208K [0xd16c0000, 0xd8f00000, 0xe6c00000)
  eden space 62208K, 100% used [0xd16c0000,0xd5380000,0xd5380000)
  from space 2560K, 0% used [0xd57c0000,0xd57c0000,0xd5a40000)
  to   space 30464K, 0% used [0xd7140000,0xd7140000,0xd8f00000)
 ParOldGen       total 147200K, used 74011K [0xa6c00000, 0xafbc0000, 0xd16c0000)
  object space 147200K, 50% used [0xa6c00000,0xab446f20,0xafbc0000)
 Metaspace       used 5643K, capacity 5831K, committed 5912K, reserved 6448K
Event: 1.185 GC heap after
Heap after GC invocations=8 (full 2):
 PSYoungGen      total 85504K, used 30457K [0xd16c0000, 0xdaf00000, 0xe6c00000)
  eden space 55040K, 0% used [0xd16c0000,0xd16c0000,0xd4c80000)
  from space 30464K, 99% used [0xd7140000,0xd8efe6b8,0xd8f00000)
  to   space 37632K, 0% used [0xd4c80000,0xd4c80000,0xd7140000)
 ParOldGen       total 147200K, used 76691K [0xa6c00000, 0xafbc0000, 0xd16c0000)
  object space 147200K, 52% used [0xa6c00000,0xab6e4f20,0xafbc0000)
 Metaspace       used 5643K, capacity 5831K, committed 5912K, reserved 6448K
}
Event: 1.311 GC heap before
{Heap before GC invocations=9 (full 2):
 PSYoungGen      total 85504K, used 85497K [0xd16c0000, 0xdaf00000, 0xe6c00000)
  eden space 55040K, 100% used [0xd16c0000,0xd4c80000,0xd4c80000)
  from space 30464K, 99% used [0xd7140000,0xd8efe6b8,0xd8f00000)
  to   space 37632K, 0% used [0xd4c80000,0xd4c80000,0xd7140000)
 ParOldGen       total 147200K, used 76691K [0xa6c00000, 0xafbc0000, 0xd16c0000)
  object space 147200K, 52% used [0xa6c00000,0xab6e4f20,0xafbc0000)
 Metaspace       used 5643K, capacity 5831K, committed 5912K, reserved 6448K
Event: 1.382 GC heap after
Heap after GC invocations=9 (full 2):
 PSYoungGen      total 92672K, used 37626K [0xd16c0000, 0xdcb00000, 0xe6c00000)
  eden space 55040K, 0% used [0xd16c0000,0xd16c0000,0xd4c80000)
  from space 37632K, 99% used [0xd4c80000,0xd713ea38,0xd7140000)
  to   space 54528K, 0% used [0xd95c0000,0xd95c0000,0xdcb00000)
 ParOldGen       total 147200K, used 97151K [0xa6c00000, 0xafbc0000, 0xd16c0000)
  object space 147200K, 65% used [0xa6c00000,0xacadff20,0xafbc0000)
 Metaspace       used 5643K, capacity 5831K, committed 5912K, reserved 6448K
}
Event: 1.524 GC heap before
{Heap before GC invocations=10 (full 2):
 PSYoungGen      total 92672K, used 92666K [0xd16c0000, 0xdcb00000, 0xe6c00000)
  eden space 55040K, 100% used [0xd16c0000,0xd4c80000,0xd4c80000)
  from space 37632K, 99% used [0xd4c80000,0xd713ea38,0xd7140000)
  to   space 54528K, 0% used [0xd95c0000,0xd95c0000,0xdcb00000)
 ParOldGen       total 147200K, used 97151K [0xa6c00000, 0xafbc0000, 0xd16c0000)
  object space 147200K, 65% used [0xa6c00000,0xacadff20,0xafbc0000)
 Metaspace       used 5643K, capacity 5831K, committed 5912K, reserved 6448K

