# JRE version: OpenJDK Runtime Environment (8.0_171-b11) (build 1.8.0_171-8u171-b11-1~bpo8+1-b11)
# Java VM: OpenJDK Server VM (25.171-b11 mixed mode linux-x86 )
Heap:
 PSYoungGen      total 35840K, used 2546K [0xd16c0000, 0xd3c40000, 0xe6c00000)
  eden space 33280K, 0% used [0xd16c0000,0xd16c0000,0xd3740000)
  from space 2560K, 99% used [0xd3740000,0xd39bc980,0xd39c0000)
  to   space 2560K, 0% used [0xd39c0000,0xd39c0000,0xd3c40000)
 ParOldGen       total 43776K, used 38505K [0xa6c00000, 0xa96c0000, 0xd16c0000)
  object space 43776K, 87% used [0xa6c00000,0xa919a660,0xa96c0000)
 Metaspace       used 5625K, capacity 5831K, committed 5912K, reserved 6448K
GC Heap History (5 events):
Event: 0.460 GC heap before
{Heap before GC invocations=1 (full 0):
 PSYoungGen      total 19200K, used 16640K [0xd16c0000, 0xd2c00000, 0xe6c00000)
  eden space 16640K, 100% used [0xd16c0000,0xd2700000,0xd2700000)
  from space 2560K, 0% used [0xd2980000,0xd2980000,0xd2c00000)
  to   space 2560K, 0% used [0xd2700000,0xd2700000,0xd2980000)
 ParOldGen       total 43776K, used 0K [0xa6c00000, 0xa96c0000, 0xd16c0000)
  object space 43776K, 0% used [0xa6c00000,0xa6c00000,0xa96c0000)
 Metaspace       used 5621K, capacity 5831K, committed 5912K, reserved 6448K
Event: 0.476 GC heap after
Heap after GC invocations=1 (full 0):
 PSYoungGen      total 19200K, used 2549K [0xd16c0000, 0xd3c40000, 0xe6c00000)
  eden space 16640K, 0% used [0xd16c0000,0xd16c0000,0xd2700000)
  from space 2560K, 99% used [0xd2700000,0xd297d6d8,0xd2980000)
  to   space 2560K, 0% used [0xd39c0000,0xd39c0000,0xd3c40000)
 ParOldGen       total 43776K, used 6317K [0xa6c00000, 0xa96c0000, 0xd16c0000)
  object space 43776K, 14% used [0xa6c00000,0xa722b660,0xa96c0000)
 Metaspace       used 5621K, capacity 5831K, committed 5912K, reserved 6448K
}
Event: 0.500 GC heap before
{Heap before GC invocations=2 (full 0):
 PSYoungGen      total 19200K, used 19189K [0xd16c0000, 0xd3c40000, 0xe6c00000)
  eden space 16640K, 100% used [0xd16c0000,0xd2700000,0xd2700000)
  from space 2560K, 99% used [0xd2700000,0xd297d6d8,0xd2980000)
  to   space 2560K, 0% used [0xd39c0000,0xd39c0000,0xd3c40000)
 ParOldGen       total 43776K, used 6317K [0xa6c00000, 0xa96c0000, 0xd16c0000)
  object space 43776K, 14% used [0xa6c00000,0xa722b660,0xa96c0000)
 Metaspace       used 5623K, capacity 5831K, committed 5912K, reserved 6448K
Event: 0.512 GC heap after
Heap after GC invocations=2 (full 0):
 PSYoungGen      total 35840K, used 2554K [0xd16c0000, 0xd3c40000, 0xe6c00000)
  eden space 33280K, 0% used [0xd16c0000,0xd16c0000,0xd3740000)
  from space 2560K, 99% used [0xd39c0000,0xd3c3e9c8,0xd3c40000)
  to   space 2560K, 0% used [0xd3740000,0xd3740000,0xd39c0000)
 ParOldGen       total 43776K, used 16789K [0xa6c00000, 0xa96c0000, 0xd16c0000)
  object space 43776K, 38% used [0xa6c00000,0xa7c65660,0xa96c0000)
 Metaspace       used 5623K, capacity 5831K, committed 5912K, reserved 6448K
}
Event: 0.553 GC heap before
{Heap before GC invocations=3 (full 0):
 PSYoungGen      total 35840K, used 35834K [0xd16c0000, 0xd3c40000, 0xe6c00000)
  eden space 33280K, 100% used [0xd16c0000,0xd3740000,0xd3740000)
  from space 2560K, 99% used [0xd39c0000,0xd3c3e9c8,0xd3c40000)
  to   space 2560K, 0% used [0xd3740000,0xd3740000,0xd39c0000)
 ParOldGen       total 43776K, used 16789K [0xa6c00000, 0xa96c0000, 0xd16c0000)
  object space 43776K, 38% used [0xa6c00000,0xa7c65660,0xa96c0000)
 Metaspace       used 5625K, capacity 5831K, committed 5912K, reserved 6448K

