# JRE version: OpenJDK Runtime Environment (8.0_171-b11) (build 1.8.0_171-8u171-b11-1~bpo8+1-b11)
# Java VM: OpenJDK Server VM (25.171-b11 mixed mode linux-x86 )
Heap:
 PSYoungGen      total 232960K, used 6664K [0xd16c0000, 0xe6c00000, 0xe6c00000)
  eden space 116480K, 0% used [0xd16c0000,0xd16c0000,0xd8880000)
  from space 116480K, 5% used [0xdfa40000,0xe00c2188,0xe6c00000)
  to   space 116480K, 0% used [0xd8880000,0xd8880000,0xdfa40000)
 ParOldGen       total 160512K, used 160393K [0xa6c00000, 0xb08c0000, 0xd16c0000)
  object space 160512K, 99% used [0xa6c00000,0xb08a2588,0xb08c0000)
 Metaspace       used 5712K, capacity 5895K, committed 5912K, reserved 6448K
GC Heap History (10 events):
Event: 18.247 GC heap after
Heap after GC invocations=15 (full 4):
 PSYoungGen      total 232960K, used 116469K [0xd16c0000, 0xe6c00000, 0xe6c00000)
  eden space 116480K, 0% used [0xd16c0000,0xd16c0000,0xd8880000)
  from space 116480K, 99% used [0xd8880000,0xdfa3d5c8,0xdfa40000)
  to   space 116480K, 0% used [0xdfa40000,0xdfa40000,0xe6c00000)
 ParOldGen       total 162048K, used 61131K [0xa6c00000, 0xb0a40000, 0xd16c0000)
  object space 162048K, 37% used [0xa6c00000,0xaa7b2fa8,0xb0a40000)
 Metaspace       used 5712K, capacity 5895K, committed 5912K, reserved 6448K
}
Event: 18.386 GC heap before
{Heap before GC invocations=16 (full 4):
 PSYoungGen      total 232960K, used 232949K [0xd16c0000, 0xe6c00000, 0xe6c00000)
  eden space 116480K, 100% used [0xd16c0000,0xd8880000,0xd8880000)
  from space 116480K, 99% used [0xd8880000,0xdfa3d5c8,0xdfa40000)
  to   space 116480K, 0% used [0xdfa40000,0xdfa40000,0xe6c00000)
 ParOldGen       total 162048K, used 61131K [0xa6c00000, 0xb0a40000, 0xd16c0000)
  object space 162048K, 37% used [0xa6c00000,0xaa7b2fa8,0xb0a40000)
 Metaspace       used 5712K, capacity 5895K, committed 5912K, reserved 6448K
Event: 18.441 GC heap after
Heap after GC invocations=16 (full 4):
 PSYoungGen      total 232960K, used 43932K [0xd16c0000, 0xe6c00000, 0xe6c00000)
  eden space 116480K, 0% used [0xd16c0000,0xd16c0000,0xd8880000)
  from space 116480K, 37% used [0xdfa40000,0xe2527108,0xe6c00000)
  to   space 116480K, 0% used [0xd8880000,0xd8880000,0xdfa40000)
 ParOldGen       total 162048K, used 113383K [0xa6c00000, 0xb0a40000, 0xd16c0000)
  object space 162048K, 69% used [0xa6c00000,0xadab9fb8,0xb0a40000)
 Metaspace       used 5712K, capacity 5895K, committed 5912K, reserved 6448K
}
Event: 18.441 GC heap before
{Heap before GC invocations=17 (full 5):
 PSYoungGen      total 232960K, used 43932K [0xd16c0000, 0xe6c00000, 0xe6c00000)
  eden space 116480K, 0% used [0xd16c0000,0xd16c0000,0xd8880000)
  from space 116480K, 37% used [0xdfa40000,0xe2527108,0xe6c00000)
  to   space 116480K, 0% used [0xd8880000,0xd8880000,0xdfa40000)
 ParOldGen       total 162048K, used 113383K [0xa6c00000, 0xb0a40000, 0xd16c0000)
  object space 162048K, 69% used [0xa6c00000,0xadab9fb8,0xb0a40000)
 Metaspace       used 5712K, capacity 5895K, committed 5912K, reserved 6448K
Event: 18.478 GC heap after
Heap after GC invocations=17 (full 5):
 PSYoungGen      total 232960K, used 0K [0xd16c0000, 0xe6c00000, 0xe6c00000)
  eden space 116480K, 0% used [0xd16c0000,0xd16c0000,0xd8880000)
  from space 116480K, 0% used [0xdfa40000,0xdfa40000,0xe6c00000)
  to   space 116480K, 0% used [0xd8880000,0xd8880000,0xdfa40000)
 ParOldGen       total 160512K, used 15260K [0xa6c00000, 0xb08c0000, 0xd16c0000)
  object space 160512K, 9% used [0xa6c00000,0xa7ae73a8,0xb08c0000)
 Metaspace       used 5712K, capacity 5895K, committed 5912K, reserved 6448K
}
Event: 18.609 GC heap before
{Heap before GC invocations=18 (full 5):
 PSYoungGen      total 232960K, used 116480K [0xd16c0000, 0xe6c00000, 0xe6c00000)
  eden space 116480K, 100% used [0xd16c0000,0xd8880000,0xd8880000)
  from space 116480K, 0% used [0xdfa40000,0xdfa40000,0xe6c00000)
  to   space 116480K, 0% used [0xd8880000,0xd8880000,0xdfa40000)
 ParOldGen       total 160512K, used 15260K [0xa6c00000, 0xb08c0000, 0xd16c0000)
  object space 160512K, 9% used [0xa6c00000,0xa7ae73a8,0xb08c0000)
 Metaspace       used 5712K, capacity 5895K, committed 5912K, reserved 6448K
Event: 18.640 GC heap after
Heap after GC invocations=18 (full 5):
 PSYoungGen      total 232960K, used 76305K [0xd16c0000, 0xe6c00000, 0xe6c00000)
  eden space 116480K, 0% used [0xd16c0000,0xd16c0000,0xd8880000)
  from space 116480K, 65% used [0xd8880000,0xdd304520,0xdfa40000)
  to   space 116480K, 0% used [0xdfa40000,0xdfa40000,0xe6c00000)
 ParOldGen       total 160512K, used 15260K [0xa6c00000, 0xb08c0000, 0xd16c0000)
  object space 160512K, 9% used [0xa6c00000,0xa7ae73a8,0xb08c0000)
 Metaspace       used 5712K, capacity 5895K, committed 5912K, reserved 6448K
}
Event: 18.778 GC heap before
{Heap before GC invocations=19 (full 5):
 PSYoungGen      total 232960K, used 192785K [0xd16c0000, 0xe6c00000, 0xe6c00000)
  eden space 116480K, 100% used [0xd16c0000,0xd8880000,0xd8880000)
  from space 116480K, 65% used [0xd8880000,0xdd304520,0xdfa40000)
  to   space 116480K, 0% used [0xdfa40000,0xdfa40000,0xe6c00000)
 ParOldGen       total 160512K, used 15260K [0xa6c00000, 0xb08c0000, 0xd16c0000)
  object space 160512K, 9% used [0xa6c00000,0xa7ae73a8,0xb08c0000)
 Metaspace       used 5712K, capacity 5895K, committed 5912K, reserved 6448K
Event: 18.865 GC heap after
Heap after GC invocations=19 (full 5):
 PSYoungGen      total 232960K, used 77113K [0xd16c0000, 0xe6c00000, 0xe6c00000)
  eden space 116480K, 0% used [0xd16c0000,0xd16c0000,0xd8880000)
  from space 116480K, 66% used [0xdfa40000,0xe458e7a0,0xe6c00000)
  to   space 116480K, 0% used [0xd8880000,0xd8880000,0xdfa40000)
 ParOldGen       total 160512K, used 91012K [0xa6c00000, 0xb08c0000, 0xd16c0000)
  object space 160512K, 56% used [0xa6c00000,0xac4e13a8,0xb08c0000)
 Metaspace       used 5712K, capacity 5895K, committed 5912K, reserved 6448K
}
Event: 18.865 GC heap before
{Heap before GC invocations=20 (full 6):
 PSYoungGen      total 232960K, used 77113K [0xd16c0000, 0xe6c00000, 0xe6c00000)
  eden space 116480K, 0% used [0xd16c0000,0xd16c0000,0xd8880000)
  from space 116480K, 66% used [0xdfa40000,0xe458e7a0,0xe6c00000)
  to   space 116480K, 0% used [0xd8880000,0xd8880000,0xdfa40000)
 ParOldGen       total 160512K, used 91012K [0xa6c00000, 0xb08c0000, 0xd16c0000)
  object space 160512K, 56% used [0xa6c00000,0xac4e13a8,0xb08c0000)
 Metaspace       used 5712K, capacity 5895K, committed 5912K, reserved 6448K

