# JRE version: OpenJDK Runtime Environment (8.0_171-b11) (build 1.8.0_171-8u171-b11-1~bpo8+1-b11)
# Java VM: OpenJDK Server VM (25.171-b11 mixed mode linux-x86 )
Heap:
 PSYoungGen      total 231424K, used 0K [0xd16c0000, 0xe6c00000, 0xe6c00000)
  eden space 129536K, 0% used [0xd16c0000,0xd16c0000,0xd9540000)
  from space 101888K, 0% used [0xd9540000,0xd9540000,0xdf8c0000)
  to   space 116480K, 0% used [0xdfa40000,0xdfa40000,0xe6c00000)
 ParOldGen       total 189696K, used 122085K [0xa6c00000, 0xb2540000, 0xd16c0000)
  object space 189696K, 64% used [0xa6c00000,0xae3394f8,0xb2540000)
 Metaspace       used 5673K, capacity 5863K, committed 5912K, reserved 6448K
GC Heap History (10 events):
Event: 3.942 GC heap after
Heap after GC invocations=18 (full 3):
 PSYoungGen      total 192256K, used 39794K [0xd16c0000, 0xe34c0000, 0xe6c00000)
  eden space 98816K, 0% used [0xd16c0000,0xd16c0000,0xd7740000)
  from space 93440K, 42% used [0xd7740000,0xd9e1c978,0xdd280000)
  to   space 88320K, 0% used [0xdde80000,0xdde80000,0xe34c0000)
 ParOldGen       total 189696K, used 98497K [0xa6c00000, 0xb2540000, 0xd16c0000)
  object space 189696K, 51% used [0xa6c00000,0xacc30548,0xb2540000)
 Metaspace       used 5669K, capacity 5863K, committed 5912K, reserved 6448K
}
Event: 4.165 GC heap before
{Heap before GC invocations=19 (full 3):
 PSYoungGen      total 192256K, used 138610K [0xd16c0000, 0xe34c0000, 0xe6c00000)
  eden space 98816K, 100% used [0xd16c0000,0xd7740000,0xd7740000)
  from space 93440K, 42% used [0xd7740000,0xd9e1c978,0xdd280000)
  to   space 88320K, 0% used [0xdde80000,0xdde80000,0xe34c0000)
 ParOldGen       total 189696K, used 98497K [0xa6c00000, 0xb2540000, 0xd16c0000)
  object space 189696K, 51% used [0xa6c00000,0xacc30548,0xb2540000)
 Metaspace       used 5669K, capacity 5863K, committed 5912K, reserved 6448K
Event: 4.186 GC heap after
Heap after GC invocations=19 (full 3):
 PSYoungGen      total 197376K, used 46425K [0xd16c0000, 0xe2ec0000, 0xe6c00000)
  eden space 115200K, 0% used [0xd16c0000,0xd16c0000,0xd8740000)
  from space 82176K, 56% used [0xdde80000,0xe0bd6528,0xe2ec0000)
  to   space 85760K, 0% used [0xd8740000,0xd8740000,0xddb00000)
 ParOldGen       total 189696K, used 98497K [0xa6c00000, 0xb2540000, 0xd16c0000)
  object space 189696K, 51% used [0xa6c00000,0xacc30548,0xb2540000)
 Metaspace       used 5669K, capacity 5863K, committed 5912K, reserved 6448K
}
Event: 4.441 GC heap before
{Heap before GC invocations=20 (full 3):
 PSYoungGen      total 197376K, used 161625K [0xd16c0000, 0xe2ec0000, 0xe6c00000)
  eden space 115200K, 100% used [0xd16c0000,0xd8740000,0xd8740000)
  from space 82176K, 56% used [0xdde80000,0xe0bd6528,0xe2ec0000)
  to   space 85760K, 0% used [0xd8740000,0xd8740000,0xddb00000)
 ParOldGen       total 189696K, used 98497K [0xa6c00000, 0xb2540000, 0xd16c0000)
  object space 189696K, 51% used [0xa6c00000,0xacc30548,0xb2540000)
 Metaspace       used 5670K, capacity 5863K, committed 5912K, reserved 6448K
Event: 4.504 GC heap after
Heap after GC invocations=20 (full 3):
 PSYoungGen      total 200960K, used 85745K [0xd16c0000, 0xe6640000, 0xe6c00000)
  eden space 115200K, 0% used [0xd16c0000,0xd16c0000,0xd8740000)
  from space 85760K, 99% used [0xd8740000,0xddafc520,0xddb00000)
  to   space 107008K, 0% used [0xdfdc0000,0xdfdc0000,0xe6640000)
 ParOldGen       total 189696K, used 123517K [0xa6c00000, 0xb2540000, 0xd16c0000)
  object space 189696K, 65% used [0xa6c00000,0xae49f548,0xb2540000)
 Metaspace       used 5670K, capacity 5863K, committed 5912K, reserved 6448K
}
Event: 4.763 GC heap before
{Heap before GC invocations=21 (full 3):
 PSYoungGen      total 200960K, used 200945K [0xd16c0000, 0xe6640000, 0xe6c00000)
  eden space 115200K, 100% used [0xd16c0000,0xd8740000,0xd8740000)
  from space 85760K, 99% used [0xd8740000,0xddafc520,0xddb00000)
  to   space 107008K, 0% used [0xdfdc0000,0xdfdc0000,0xe6640000)
 ParOldGen       total 189696K, used 123517K [0xa6c00000, 0xb2540000, 0xd16c0000)
  object space 189696K, 65% used [0xa6c00000,0xae49f548,0xb2540000)
 Metaspace       used 5672K, capacity 5863K, committed 5912K, reserved 6448K
Event: 4.804 GC heap after
Heap after GC invocations=21 (full 3):
 PSYoungGen      total 226304K, used 43689K [0xd16c0000, 0xe5c40000, 0xe6c00000)
  eden space 129536K, 0% used [0xd16c0000,0xd16c0000,0xd9540000)
  from space 96768K, 45% used [0xdfdc0000,0xe286a528,0xe5c40000)
  to   space 101888K, 0% used [0xd9540000,0xd9540000,0xdf8c0000)
 ParOldGen       total 189696K, used 138865K [0xa6c00000, 0xb2540000, 0xd16c0000)
  object space 189696K, 73% used [0xa6c00000,0xaf39c548,0xb2540000)
 Metaspace       used 5672K, capacity 5863K, committed 5912K, reserved 6448K
}
Event: 5.103 GC heap before
{Heap before GC invocations=22 (full 3):
 PSYoungGen      total 226304K, used 173225K [0xd16c0000, 0xe5c40000, 0xe6c00000)
  eden space 129536K, 100% used [0xd16c0000,0xd9540000,0xd9540000)
  from space 96768K, 45% used [0xdfdc0000,0xe286a528,0xe5c40000)
  to   space 101888K, 0% used [0xd9540000,0xd9540000,0xdf8c0000)
 ParOldGen       total 189696K, used 138865K [0xa6c00000, 0xb2540000, 0xd16c0000)
  object space 189696K, 73% used [0xa6c00000,0xaf39c548,0xb2540000)
 Metaspace       used 5673K, capacity 5863K, committed 5912K, reserved 6448K
Event: 5.181 GC heap after
Heap after GC invocations=22 (full 3):
 PSYoungGen      total 231424K, used 101872K [0xd16c0000, 0xe6c00000, 0xe6c00000)
  eden space 129536K, 0% used [0xd16c0000,0xd16c0000,0xd9540000)
  from space 101888K, 99% used [0xd9540000,0xdf8bc378,0xdf8c0000)
  to   space 116480K, 0% used [0xdfa40000,0xdfa40000,0xe6c00000)
 ParOldGen       total 189696K, used 158133K [0xa6c00000, 0xb2540000, 0xd16c0000)
  object space 189696K, 83% used [0xa6c00000,0xb066d548,0xb2540000)
 Metaspace       used 5673K, capacity 5863K, committed 5912K, reserved 6448K
}
Event: 5.181 GC heap before
{Heap before GC invocations=23 (full 4):
 PSYoungGen      total 231424K, used 101872K [0xd16c0000, 0xe6c00000, 0xe6c00000)
  eden space 129536K, 0% used [0xd16c0000,0xd16c0000,0xd9540000)
  from space 101888K, 99% used [0xd9540000,0xdf8bc378,0xdf8c0000)
  to   space 116480K, 0% used [0xdfa40000,0xdfa40000,0xe6c00000)
 ParOldGen       total 189696K, used 158133K [0xa6c00000, 0xb2540000, 0xd16c0000)
  object space 189696K, 83% used [0xa6c00000,0xb066d548,0xb2540000)
 Metaspace       used 5673K, capacity 5863K, committed 5912K, reserved 6448K

